
5월 02, 2023 12:17:06.37 NEW SESSION
5월 02, 2023 12:17:06.37 INFO: Created TensorFlow Lite XNNPACK delegate for CPU.
5월 02, 2023 12:42:47.87 INFO: Created TensorFlow Lite XNNPACK delegate for CPU.
5월 02, 2023 12:43:07.94 INFO: Created TensorFlow Lite XNNPACK delegate for CPU.
5월 02, 2023 12:49:32.47 INFO: Created TensorFlow Lite XNNPACK delegate for CPU.
5월 02, 2023 12:53:07.38 INFO: Created TensorFlow Lite XNNPACK delegate for CPU.
5월 02, 2023 12:56:23.70 INFO: Created TensorFlow Lite XNNPACK delegate for CPU.
5월 02, 2023 13:19:06.66 INFO: Created TensorFlow Lite XNNPACK delegate for CPU.

5월 03, 2023 09:54:02.77 NEW SESSION
5월 03, 2023 09:54:02.77 INFO: Created TensorFlow Lite XNNPACK delegate for CPU.
5월 03, 2023 09:55:58.16 INFO: Created TensorFlow Lite XNNPACK delegate for CPU.
5월 03, 2023 09:56:34.90 INFO: Created TensorFlow Lite XNNPACK delegate for CPU.
5월 03, 2023 09:59:34.22 INFO: Created TensorFlow Lite XNNPACK delegate for CPU.
5월 03, 2023 10:00:27.30 INFO: Created TensorFlow Lite XNNPACK delegate for CPU.
5월 03, 2023 10:01:08.41 INFO: Created TensorFlow Lite XNNPACK delegate for CPU.
5월 03, 2023 10:14:20.97 INFO: Created TensorFlow Lite XNNPACK delegate for CPU.
5월 03, 2023 10:15:03.17 INFO: Created TensorFlow Lite XNNPACK delegate for CPU.
5월 03, 2023 10:27:45.06 INFO: Created TensorFlow Lite XNNPACK delegate for CPU.
5월 03, 2023 10:29:09.44 INFO: Created TensorFlow Lite XNNPACK delegate for CPU.
5월 03, 2023 11:24:09.57 [2496:15452:0503/112409.577:ERROR:interface_endpoint_client.cc(695)] Message 1 rejected by interface blink.mojom.WidgetHost
5월 03, 2023 11:50:50.71 [libprotobuf ERROR ..\..\third_party\protobuf\src\google\protobuf\message_lite.cc:133] Can't parse message of type "safe_browsing.ClientDownloadRequest" because it is missing required fields: (cannot determine missing fields for lite message)
5월 03, 2023 12:42:25.26 [2496:9880:0503/124225.260:ERROR:cert_verify_proc_builtin.cc(677)] CertVerifyProcBuiltin for pristinetechschool.com failed:
5월 03, 2023 12:42:25.26 ----- Certificate i=0 (CN=pristinetechschool.libertyimmigration.in) -----
5월 03, 2023 12:42:25.26 ERROR: No matching issuer found
5월 03, 2023 12:42:25.26 
5월 03, 2023 12:42:25.26 

5월 03, 2023 14:44:06.83 NEW SESSION
5월 03, 2023 14:44:06.83 INFO: Created TensorFlow Lite XNNPACK delegate for CPU.
5월 03, 2023 14:52:55.38 INFO: Created TensorFlow Lite XNNPACK delegate for CPU.

5월 03, 2023 16:02:04.42 NEW SESSION
5월 03, 2023 16:02:04.42 INFO: Created TensorFlow Lite XNNPACK delegate for CPU.

5월 04, 2023 10:14:05.32 NEW SESSION
5월 04, 2023 10:14:05.32 INFO: Created TensorFlow Lite XNNPACK delegate for CPU.
5월 04, 2023 10:15:13.19 INFO: Created TensorFlow Lite XNNPACK delegate for CPU.
5월 04, 2023 10:15:31.60 INFO: Created TensorFlow Lite XNNPACK delegate for CPU.
5월 04, 2023 10:17:47.98 INFO: Created TensorFlow Lite XNNPACK delegate for CPU.
5월 04, 2023 10:18:59.31 INFO: Created TensorFlow Lite XNNPACK delegate for CPU.
5월 04, 2023 10:25:52.68 INFO: Created TensorFlow Lite XNNPACK delegate for CPU.
5월 04, 2023 10:26:10.33 INFO: Created TensorFlow Lite XNNPACK delegate for CPU.
5월 04, 2023 10:26:39.82 INFO: Created TensorFlow Lite XNNPACK delegate for CPU.
5월 04, 2023 10:42:52.16 INFO: Created TensorFlow Lite XNNPACK delegate for CPU.
5월 04, 2023 10:47:24.63 INFO: Created TensorFlow Lite XNNPACK delegate for CPU.
5월 04, 2023 11:00:58.67 INFO: Created TensorFlow Lite XNNPACK delegate for CPU.
5월 04, 2023 11:16:20.02 INFO: Created TensorFlow Lite XNNPACK delegate for CPU.
5월 04, 2023 11:16:32.64 INFO: Created TensorFlow Lite XNNPACK delegate for CPU.
5월 04, 2023 11:19:02.48 INFO: Created TensorFlow Lite XNNPACK delegate for CPU.
5월 04, 2023 11:23:06.40 INFO: Created TensorFlow Lite XNNPACK delegate for CPU.
5월 04, 2023 11:58:27.22 INFO: Created TensorFlow Lite XNNPACK delegate for CPU.
5월 04, 2023 12:00:25.27 INFO: Created TensorFlow Lite XNNPACK delegate for CPU.
5월 04, 2023 12:45:11.71 INFO: Created TensorFlow Lite XNNPACK delegate for CPU.
5월 04, 2023 13:04:09.41 [16300:13964:0504/130409.414:ERROR:cert_issuer_source_aia.cc(34)] Error parsing cert retrieved from AIA (as DER):
5월 04, 2023 13:04:09.41 ERROR: Couldn't read tbsCertificate as SEQUENCE
5월 04, 2023 13:04:09.41 ERROR: Failed parsing Certificate
5월 04, 2023 13:04:09.41 
5월 04, 2023 13:04:09.42 [16300:13964:0504/130409.426:ERROR:cert_verify_proc_builtin.cc(677)] CertVerifyProcBuiltin for www.jjalking.com failed:
5월 04, 2023 13:04:09.42 ----- Certificate i=2 (CN=DST Root CA X3,O=Digital Signature Trust Co.) -----
5월 04, 2023 13:04:09.42 ERROR: No matching issuer found
5월 04, 2023 13:04:09.42 
5월 04, 2023 13:04:09.42 

5월 04, 2023 15:26:20.31 NEW SESSION
5월 04, 2023 15:26:20.31 INFO: Created TensorFlow Lite XNNPACK delegate for CPU.
5월 04, 2023 16:06:34.50 INFO: Created TensorFlow Lite XNNPACK delegate for CPU.
5월 04, 2023 16:09:41.56 INFO: Created TensorFlow Lite XNNPACK delegate for CPU.
5월 04, 2023 17:00:42.15 INFO: Created TensorFlow Lite XNNPACK delegate for CPU.
5월 04, 2023 17:22:16.75 INFO: Created TensorFlow Lite XNNPACK delegate for CPU.

5월 04, 2023 18:11:19.51 NEW SESSION
5월 04, 2023 18:11:19.51 INFO: Created TensorFlow Lite XNNPACK delegate for CPU.
5월 04, 2023 18:13:28.85 [libprotobuf ERROR ..\..\third_party\protobuf\src\google\protobuf\message_lite.cc:133] Can't parse message of type "safe_browsing.ClientDownloadRequest" because it is missing required fields: (cannot determine missing fields for lite message)
5월 04, 2023 18:13:45.23 [libprotobuf ERROR ..\..\third_party\protobuf\src\google\protobuf\message_lite.cc:133] Can't parse message of type "safe_browsing.ClientDownloadRequest" because it is missing required fields: (cannot determine missing fields for lite message)

5월 09, 2023 10:03:49.88 NEW SESSION
5월 09, 2023 10:03:49.88 INFO: Created TensorFlow Lite XNNPACK delegate for CPU.
5월 09, 2023 10:13:25.04 INFO: Created TensorFlow Lite XNNPACK delegate for CPU.
5월 09, 2023 10:29:36.61 INFO: Created TensorFlow Lite XNNPACK delegate for CPU.
5월 09, 2023 10:42:59.81 INFO: Created TensorFlow Lite XNNPACK delegate for CPU.
5월 09, 2023 10:45:23.58 INFO: Created TensorFlow Lite XNNPACK delegate for CPU.
5월 09, 2023 10:47:00.22 INFO: Created TensorFlow Lite XNNPACK delegate for CPU.
5월 09, 2023 10:48:46.14 INFO: Created TensorFlow Lite XNNPACK delegate for CPU.
5월 09, 2023 10:56:00.26 INFO: Created TensorFlow Lite XNNPACK delegate for CPU.
5월 09, 2023 10:57:14.24 INFO: Created TensorFlow Lite XNNPACK delegate for CPU.
5월 09, 2023 10:58:00.26 INFO: Created TensorFlow Lite XNNPACK delegate for CPU.
5월 09, 2023 11:00:12.62 INFO: Created TensorFlow Lite XNNPACK delegate for CPU.
5월 09, 2023 11:43:05.10 INFO: Created TensorFlow Lite XNNPACK delegate for CPU.
5월 09, 2023 11:52:03.13 INFO: Created TensorFlow Lite XNNPACK delegate for CPU.
5월 09, 2023 12:05:03.24 INFO: Created TensorFlow Lite XNNPACK delegate for CPU.
5월 09, 2023 12:19:46.64 INFO: Created TensorFlow Lite XNNPACK delegate for CPU.
5월 09, 2023 12:23:21.93 INFO: Created TensorFlow Lite XNNPACK delegate for CPU.
5월 09, 2023 12:31:24.51 INFO: Created TensorFlow Lite XNNPACK delegate for CPU.
5월 09, 2023 12:33:18.32 INFO: Created TensorFlow Lite XNNPACK delegate for CPU.
5월 09, 2023 12:34:04.44 INFO: Created TensorFlow Lite XNNPACK delegate for CPU.
5월 09, 2023 12:38:20.20 INFO: Created TensorFlow Lite XNNPACK delegate for CPU.

5월 10, 2023 10:06:26.73 NEW SESSION
5월 10, 2023 10:06:26.73 INFO: Created TensorFlow Lite XNNPACK delegate for CPU.
5월 10, 2023 10:56:39.56 INFO: Created TensorFlow Lite XNNPACK delegate for CPU.
5월 10, 2023 10:58:05.18 INFO: Created TensorFlow Lite XNNPACK delegate for CPU.
5월 10, 2023 11:29:05.51 INFO: Created TensorFlow Lite XNNPACK delegate for CPU.
5월 10, 2023 11:31:03.48 INFO: Created TensorFlow Lite XNNPACK delegate for CPU.
5월 10, 2023 11:31:47.60 INFO: Created TensorFlow Lite XNNPACK delegate for CPU.
5월 10, 2023 11:33:08.54 INFO: Created TensorFlow Lite XNNPACK delegate for CPU.
5월 10, 2023 11:38:02.92 INFO: Created TensorFlow Lite XNNPACK delegate for CPU.
5월 10, 2023 11:39:20.95 INFO: Created TensorFlow Lite XNNPACK delegate for CPU.
5월 10, 2023 11:43:21.90 INFO: Created TensorFlow Lite XNNPACK delegate for CPU.

5월 10, 2023 11:46:35.69 NEW SESSION
5월 10, 2023 11:46:35.69 INFO: Created TensorFlow Lite XNNPACK delegate for CPU.
5월 10, 2023 11:47:40.34 INFO: Created TensorFlow Lite XNNPACK delegate for CPU.
5월 10, 2023 12:38:44.98 INFO: Created TensorFlow Lite XNNPACK delegate for CPU.
5월 10, 2023 12:49:36.69 INFO: Created TensorFlow Lite XNNPACK delegate for CPU.
5월 10, 2023 12:51:49.09 INFO: Created TensorFlow Lite XNNPACK delegate for CPU.
5월 10, 2023 12:52:10.19 INFO: Created TensorFlow Lite XNNPACK delegate for CPU.
5월 10, 2023 12:52:30.35 INFO: Created TensorFlow Lite XNNPACK delegate for CPU.
5월 10, 2023 12:52:50.45 INFO: Created TensorFlow Lite XNNPACK delegate for CPU.

5월 12, 2023 10:59:41.44 NEW SESSION
5월 12, 2023 10:59:41.44 INFO: Created TensorFlow Lite XNNPACK delegate for CPU.
5월 12, 2023 11:01:51.96 INFO: Created TensorFlow Lite XNNPACK delegate for CPU.
5월 12, 2023 11:04:36.58 INFO: Created TensorFlow Lite XNNPACK delegate for CPU.
5월 12, 2023 11:10:31.02 INFO: Created TensorFlow Lite XNNPACK delegate for CPU.
5월 12, 2023 11:30:58.10 INFO: Created TensorFlow Lite XNNPACK delegate for CPU.
5월 12, 2023 11:33:15.85 INFO: Created TensorFlow Lite XNNPACK delegate for CPU.
5월 12, 2023 11:34:01.52 INFO: Created TensorFlow Lite XNNPACK delegate for CPU.
5월 12, 2023 11:39:42.97 INFO: Created TensorFlow Lite XNNPACK delegate for CPU.
